<?xml version="1.0" encoding="UTF-8"?>
<!-- Generated by org.testng.reporters.JUnitReportReporter -->
<testsuite hostname="LAPTOP-PIKOO07N" failures="0" tests="1" name="qafox_test.QafoxTest" time="7.292" errors="0" timestamp="2024-12-03T18:12:54 IST" skipped="0">
  <testcase classname="qafox_test.QafoxTest" name="test_method" time="7.292"/>
</testsuite> <!-- qafox_test.QafoxTest -->
